<?xml version="1.0" encoding="UTF-8"?>
<testng-results ignored="0" total="1" passed="1" failed="0" skipped="0">
  <reporter-output>
  </reporter-output>
  <suite started-at="2020-06-19T08:48:32Z" name="Default suite" finished-at="2020-06-19T08:48:32Z" duration-ms="36">
    <groups>
    </groups>
    <test started-at="2020-06-19T08:48:32Z" name="Default test" finished-at="2020-06-19T08:48:32Z" duration-ms="36">
      <class name="LearnMaven.LearnMaven.TestMaven">
        <test-method signature="testMavenMethodExecute()[pri:0, instance:LearnMaven.LearnMaven.TestMaven@5d740a0f]" started-at="2020-06-19T08:48:32Z" name="testMavenMethodExecute" finished-at="2020-06-19T08:48:32Z" duration-ms="11" status="PASS">
          <reporter-output>
          </reporter-output>
        </test-method> <!-- testMavenMethodExecute -->
      </class> <!-- LearnMaven.LearnMaven.TestMaven -->
    </test> <!-- Default test -->
  </suite> <!-- Default suite -->
</testng-results>
